09:12:16 (9075) INFO ConfigReader Using stryker.conf.json
09:12:16 (9075) DEBUG BroadcastReporter Broadcasting to reporters ["progress","clear-text","html"]
09:12:16 (9075) DEBUG ConfigReader Loading config /home/thiago/Projetos/Trybe/Projetos-Trybe/sd-013-b-project-react-testing-library/stryker.conf.json
09:12:16 (9075) DEBUG ConfigReader Loaded config: {
  "$schema": "./node_modules/@stryker-mutator/core/schema/stryker-schema.json",
  "mutate": [
    "src/components/About.js",
    "src/App.js",
    "src/components/FavoritePokemons.js",
    "src/components/NotFound.js",
    "src/components/Pokedex.js",
    "src/components/Pokemon.js",
    "src/components/PokemonDetails.js"
  ],
  "mutator": {
    "name": "javascript",
    "excludedMutations": [
      "ArithmeticOperator",
      "ArrayDeclaration",
      "ArrowFunction",
      "BlockStatement",
      "BooleanLiteral",
      "ConditionalExpression",
      "EqualityOperator",
      "LogicalOperator",
      "ObjectLiteral",
      "UnaryOperator",
      "UpdateOperator"
    ]
  },
  "testRunner": "jest",
  "reporters": [
    "progress",
    "clear-text",
    "html"
  ],
  "coverageAnalysis": "off",
  "jest": {
    "projectType": "create-react-app"
  },
  "allowConsoleColors": true,
  "commandRunner": {
    "command": "npm test"
  },
  "clearTextReporter": {
    "allowColor": true,
    "logTests": true,
    "maxTestsToLog": 3
  },
  "dashboard": {
    "baseUrl": "https://dashboard.stryker-mutator.io/api/reports",
    "reportType": "full"
  },
  "eventReporter": {
    "baseDir": "reports/mutation/events"
  },
  "fileLogLevel": "trace",
  "logLevel": "debug",
  "maxConcurrentTestRunners": 9007199254740991,
  "plugins": [
    "@stryker-mutator/*"
  ],
  "symlinkNodeModules": true,
  "tempDirName": ".stryker-tmp",
  "thresholds": {
    "high": 80,
    "low": 60,
    "break": null
  },
  "timeoutFactor": 1.5,
  "timeoutMS": 5000,
  "transpilers": [],
  "warnings": true,
  "configFile": "/home/thiago/Projetos/Trybe/Projetos-Trybe/sd-013-b-project-react-testing-library/stryker.conf.json"
}
09:12:16 (9075) DEBUG PluginLoader Loading @stryker-mutator/* from /home/thiago/Projetos/Trybe/Projetos-Trybe/sd-013-b-project-react-testing-library/node_modules/@stryker-mutator
09:12:16 (9075) DEBUG PluginLoader Loading plugin "/home/thiago/Projetos/Trybe/Projetos-Trybe/sd-013-b-project-react-testing-library/node_modules/@stryker-mutator/javascript-mutator" (matched with expression @stryker-mutator/*)
09:12:16 (9075) DEBUG PluginLoader Loading plugin "/home/thiago/Projetos/Trybe/Projetos-Trybe/sd-013-b-project-react-testing-library/node_modules/@stryker-mutator/jest-runner" (matched with expression @stryker-mutator/*)
09:12:16 (9075) DEBUG PluginLoader Loading plugins /home/thiago/Projetos/Trybe/Projetos-Trybe/sd-013-b-project-react-testing-library/node_modules/@stryker-mutator/javascript-mutator
09:12:16 (9075) DEBUG PluginLoader Loading plugins /home/thiago/Projetos/Trybe/Projetos-Trybe/sd-013-b-project-react-testing-library/node_modules/@stryker-mutator/jest-runner
09:12:16 (9075) DEBUG PluginLoader Loading plugins /home/thiago/Projetos/Trybe/Projetos-Trybe/sd-013-b-project-react-testing-library/node_modules/@stryker-mutator/core/src/reporters/index.js
09:12:16 (9075) DEBUG buildSchemaWithPluginContributions Contributing 1 schemas from plugins to options validation.
09:12:16 (9075) INFO InputFileResolver Found 7 of 63 file(s) to be mutated.
09:12:16 (9075) DEBUG InputFileResolver All input files: [
  "/home/thiago/Projetos/Trybe/Projetos-Trybe/sd-013-b-project-react-testing-library/stryker.log",
  "/home/thiago/Projetos/Trybe/Projetos-Trybe/sd-013-b-project-react-testing-library/.babelrc.json",
  "/home/thiago/Projetos/Trybe/Projetos-Trybe/sd-013-b-project-react-testing-library/.eslintignore",
  "/home/thiago/Projetos/Trybe/Projetos-Trybe/sd-013-b-project-react-testing-library/.eslintrc.json",
  "/home/thiago/Projetos/Trybe/Projetos-Trybe/sd-013-b-project-react-testing-library/.github/CODEOWNERS",
  "/home/thiago/Projetos/Trybe/Projetos-Trybe/sd-013-b-project-react-testing-library/.github/workflows/main.yml",
  "/home/thiago/Projetos/Trybe/Projetos-Trybe/sd-013-b-project-react-testing-library/.gitignore",
  "/home/thiago/Projetos/Trybe/Projetos-Trybe/sd-013-b-project-react-testing-library/.stylelintignore",
  "/home/thiago/Projetos/Trybe/Projetos-Trybe/sd-013-b-project-react-testing-library/.stylelintrc.json",
  "/home/thiago/Projetos/Trybe/Projetos-Trybe/sd-013-b-project-react-testing-library/.trybe/requirements.json",
  "/home/thiago/Projetos/Trybe/Projetos-Trybe/sd-013-b-project-react-testing-library/README.md",
  "/home/thiago/Projetos/Trybe/Projetos-Trybe/sd-013-b-project-react-testing-library/package-lock.json",
  "/home/thiago/Projetos/Trybe/Projetos-Trybe/sd-013-b-project-react-testing-library/package.json",
  "/home/thiago/Projetos/Trybe/Projetos-Trybe/sd-013-b-project-react-testing-library/public/favicon.ico",
  "/home/thiago/Projetos/Trybe/Projetos-Trybe/sd-013-b-project-react-testing-library/public/index.html",
  "/home/thiago/Projetos/Trybe/Projetos-Trybe/sd-013-b-project-react-testing-library/public/logo192.png",
  "/home/thiago/Projetos/Trybe/Projetos-Trybe/sd-013-b-project-react-testing-library/public/logo512.png",
  "/home/thiago/Projetos/Trybe/Projetos-Trybe/sd-013-b-project-react-testing-library/public/manifest.json",
  "/home/thiago/Projetos/Trybe/Projetos-Trybe/sd-013-b-project-react-testing-library/public/robots.txt",
  "/home/thiago/Projetos/Trybe/Projetos-Trybe/sd-013-b-project-react-testing-library/public/star-icon.svg",
  "/home/thiago/Projetos/Trybe/Projetos-Trybe/sd-013-b-project-react-testing-library/src/App.css",
  "/home/thiago/Projetos/Trybe/Projetos-Trybe/sd-013-b-project-react-testing-library/src/App.js",
  "/home/thiago/Projetos/Trybe/Projetos-Trybe/sd-013-b-project-react-testing-library/src/components/About.js",
  "/home/thiago/Projetos/Trybe/Projetos-Trybe/sd-013-b-project-react-testing-library/src/components/Button.js",
  "/home/thiago/Projetos/Trybe/Projetos-Trybe/sd-013-b-project-react-testing-library/src/components/FavoritePokemons.js",
  "/home/thiago/Projetos/Trybe/Projetos-Trybe/sd-013-b-project-react-testing-library/src/components/NotFound.js",
  "/home/thiago/Projetos/Trybe/Projetos-Trybe/sd-013-b-project-react-testing-library/src/components/Pokedex.js",
  "/home/thiago/Projetos/Trybe/Projetos-Trybe/sd-013-b-project-react-testing-library/src/components/Pokemon.js",
  "/home/thiago/Projetos/Trybe/Projetos-Trybe/sd-013-b-project-react-testing-library/src/components/PokemonDetails.js",
  "/home/thiago/Projetos/Trybe/Projetos-Trybe/sd-013-b-project-react-testing-library/src/components/about.css",
  "/home/thiago/Projetos/Trybe/Projetos-Trybe/sd-013-b-project-react-testing-library/src/components/button.css",
  "/home/thiago/Projetos/Trybe/Projetos-Trybe/sd-013-b-project-react-testing-library/src/components/favorite-pokemons.css",
  "/home/thiago/Projetos/Trybe/Projetos-Trybe/sd-013-b-project-react-testing-library/src/components/index.js",
  "/home/thiago/Projetos/Trybe/Projetos-Trybe/sd-013-b-project-react-testing-library/src/components/not-found.css",
  "/home/thiago/Projetos/Trybe/Projetos-Trybe/sd-013-b-project-react-testing-library/src/components/pokedex.css",
  "/home/thiago/Projetos/Trybe/Projetos-Trybe/sd-013-b-project-react-testing-library/src/components/pokemon-details.css",
  "/home/thiago/Projetos/Trybe/Projetos-Trybe/sd-013-b-project-react-testing-library/src/components/pokemon.css",
  "/home/thiago/Projetos/Trybe/Projetos-Trybe/sd-013-b-project-react-testing-library/src/components/renderWithRouter.js",
  "/home/thiago/Projetos/Trybe/Projetos-Trybe/sd-013-b-project-react-testing-library/src/data.js",
  "/home/thiago/Projetos/Trybe/Projetos-Trybe/sd-013-b-project-react-testing-library/src/index.css",
  "/home/thiago/Projetos/Trybe/Projetos-Trybe/sd-013-b-project-react-testing-library/src/index.js",
  "/home/thiago/Projetos/Trybe/Projetos-Trybe/sd-013-b-project-react-testing-library/src/logo.svg",
  "/home/thiago/Projetos/Trybe/Projetos-Trybe/sd-013-b-project-react-testing-library/src/serviceWorker.js",
  "/home/thiago/Projetos/Trybe/Projetos-Trybe/sd-013-b-project-react-testing-library/src/services/pokedexService.js",
  "/home/thiago/Projetos/Trybe/Projetos-Trybe/sd-013-b-project-react-testing-library/src/setupTests.js",
  "/home/thiago/Projetos/Trybe/Projetos-Trybe/sd-013-b-project-react-testing-library/src/tests/About.test.js",
  "/home/thiago/Projetos/Trybe/Projetos-Trybe/sd-013-b-project-react-testing-library/src/tests/App.test.js",
  "/home/thiago/Projetos/Trybe/Projetos-Trybe/sd-013-b-project-react-testing-library/src/tests/FavoritePokemons.test.js",
  "/home/thiago/Projetos/Trybe/Projetos-Trybe/sd-013-b-project-react-testing-library/src/tests/NotFound.test.js",
  "/home/thiago/Projetos/Trybe/Projetos-Trybe/sd-013-b-project-react-testing-library/src/tests/Pokedex.test.js",
  "/home/thiago/Projetos/Trybe/Projetos-Trybe/sd-013-b-project-react-testing-library/src/tests/Pokemon.test.js",
  "/home/thiago/Projetos/Trybe/Projetos-Trybe/sd-013-b-project-react-testing-library/src/tests/PokemonDetails.test.js",
  "/home/thiago/Projetos/Trybe/Projetos-Trybe/sd-013-b-project-react-testing-library/src/types/index.js",
  "/home/thiago/Projetos/Trybe/Projetos-Trybe/sd-013-b-project-react-testing-library/stryker.conf.json",
  "/home/thiago/Projetos/Trybe/Projetos-Trybe/sd-013-b-project-react-testing-library/stryker/About.conf.json",
  "/home/thiago/Projetos/Trybe/Projetos-Trybe/sd-013-b-project-react-testing-library/stryker/App.conf.json",
  "/home/thiago/Projetos/Trybe/Projetos-Trybe/sd-013-b-project-react-testing-library/stryker/FavoritePokemons.conf.json",
  "/home/thiago/Projetos/Trybe/Projetos-Trybe/sd-013-b-project-react-testing-library/stryker/NotFound.conf.json",
  "/home/thiago/Projetos/Trybe/Projetos-Trybe/sd-013-b-project-react-testing-library/stryker/Pokedex.conf.json",
  "/home/thiago/Projetos/Trybe/Projetos-Trybe/sd-013-b-project-react-testing-library/stryker/Pokemon.conf.json",
  "/home/thiago/Projetos/Trybe/Projetos-Trybe/sd-013-b-project-react-testing-library/stryker/PokemonDetails.conf.json",
  "/home/thiago/Projetos/Trybe/Projetos-Trybe/sd-013-b-project-react-testing-library/testefalhando.png",
  "/home/thiago/Projetos/Trybe/Projetos-Trybe/sd-013-b-project-react-testing-library/testepassando.png"
]
09:12:16 (9075) DEBUG InputFileResolver Files to mutate: [
  "/home/thiago/Projetos/Trybe/Projetos-Trybe/sd-013-b-project-react-testing-library/src/App.js",
  "/home/thiago/Projetos/Trybe/Projetos-Trybe/sd-013-b-project-react-testing-library/src/components/About.js",
  "/home/thiago/Projetos/Trybe/Projetos-Trybe/sd-013-b-project-react-testing-library/src/components/FavoritePokemons.js",
  "/home/thiago/Projetos/Trybe/Projetos-Trybe/sd-013-b-project-react-testing-library/src/components/NotFound.js",
  "/home/thiago/Projetos/Trybe/Projetos-Trybe/sd-013-b-project-react-testing-library/src/components/Pokedex.js",
  "/home/thiago/Projetos/Trybe/Projetos-Trybe/sd-013-b-project-react-testing-library/src/components/Pokemon.js",
  "/home/thiago/Projetos/Trybe/Projetos-Trybe/sd-013-b-project-react-testing-library/src/components/PokemonDetails.js"
]
09:12:16 (9075) DEBUG TemporaryDirectory Using temp directory "/home/thiago/Projetos/Trybe/Projetos-Trybe/sd-013-b-project-react-testing-library/.stryker-tmp"
09:12:16 (9075) DEBUG TestFrameworkOrchestrator The `coverageAnalysis` setting is "off", not hooking into the test framework to achieve performance benefits.
09:12:16 (9075) INFO InitialTestExecutor Starting initial test run. This may take a while.
09:12:16 (9075) DEBUG Sandbox Creating a sandbox for files in /home/thiago/Projetos/Trybe/Projetos-Trybe/sd-013-b-project-react-testing-library/.stryker-tmp/sandbox5051836
09:12:16 (9075) DEBUG Sandbox Creating test runner 0
09:12:17 (9075) DEBUG ChildProcessProxy Starting /home/thiago/Projetos/Trybe/Projetos-Trybe/sd-013-b-project-react-testing-library/node_modules/@stryker-mutator/core/src/test-runner/ChildProcessTestRunnerWorker.js in child process 9095
09:12:17 (9095) DEBUG ChildProcessProxyWorker Changing current working directory for this process to /home/thiago/Projetos/Trybe/Projetos-Trybe/sd-013-b-project-react-testing-library/.stryker-tmp/sandbox5051836
09:12:17 (9095) DEBUG PluginLoader Loading @stryker-mutator/* from /home/thiago/Projetos/Trybe/Projetos-Trybe/sd-013-b-project-react-testing-library/node_modules/@stryker-mutator
09:12:17 (9095) DEBUG PluginLoader Loading plugin "/home/thiago/Projetos/Trybe/Projetos-Trybe/sd-013-b-project-react-testing-library/node_modules/@stryker-mutator/javascript-mutator" (matched with expression @stryker-mutator/*)
09:12:17 (9095) DEBUG PluginLoader Loading plugin "/home/thiago/Projetos/Trybe/Projetos-Trybe/sd-013-b-project-react-testing-library/node_modules/@stryker-mutator/jest-runner" (matched with expression @stryker-mutator/*)
09:12:17 (9095) DEBUG PluginLoader Loading plugins /home/thiago/Projetos/Trybe/Projetos-Trybe/sd-013-b-project-react-testing-library/node_modules/@stryker-mutator/javascript-mutator
09:12:17 (9095) DEBUG PluginLoader Loading plugins /home/thiago/Projetos/Trybe/Projetos-Trybe/sd-013-b-project-react-testing-library/node_modules/@stryker-mutator/jest-runner
09:12:18 (9095) DEBUG PluginLoader Loading plugins /home/thiago/Projetos/Trybe/Projetos-Trybe/sd-013-b-project-react-testing-library/node_modules/@stryker-mutator/core/src/reporters/index.js
09:12:18 (9095) TRACE JestTestRunner Merging file-based config {
  "roots": [
    "<rootDir>/src"
  ],
  "collectCoverageFrom": [
    "**/*.{js,jsx}",
    "!src/index.js",
    "!src/serviceWorker.js"
  ],
  "setupFiles": [
    "/home/thiago/Projetos/Trybe/Projetos-Trybe/sd-013-b-project-react-testing-library/node_modules/react-app-polyfill/jsdom.js"
  ],
  "setupFilesAfterEnv": [
    "<rootDir>/src/setupTests.js"
  ],
  "testMatch": [
    "<rootDir>/src/**/__tests__/**/*.{js,jsx,ts,tsx}",
    "<rootDir>/src/**/*.{spec,test}.{js,jsx,ts,tsx}"
  ],
  "testEnvironment": "jest-environment-jsdom-fourteen",
  "transform": {
    "^.+\\.(js|jsx|ts|tsx)$": "/home/thiago/Projetos/Trybe/Projetos-Trybe/sd-013-b-project-react-testing-library/node_modules/react-scripts/config/jest/babelTransform.js",
    "^.+\\.css$": "/home/thiago/Projetos/Trybe/Projetos-Trybe/sd-013-b-project-react-testing-library/node_modules/react-scripts/config/jest/cssTransform.js",
    "^(?!.*\\.(js|jsx|ts|tsx|css|json)$)": "/home/thiago/Projetos/Trybe/Projetos-Trybe/sd-013-b-project-react-testing-library/node_modules/react-scripts/config/jest/fileTransform.js"
  },
  "transformIgnorePatterns": [
    "[/\\\\]node_modules[/\\\\].+\\.(js|jsx|ts|tsx)$",
    "^.+\\.module\\.(css|sass|scss)$"
  ],
  "modulePaths": [],
  "moduleNameMapper": {
    "^react-native$": "react-native-web",
    "^.+\\.module\\.(css|sass|scss)$": "identity-obj-proxy"
  },
  "moduleFileExtensions": [
    "web.js",
    "js",
    "web.ts",
    "ts",
    "web.tsx",
    "tsx",
    "json",
    "web.jsx",
    "jsx",
    "node"
  ],
  "watchPlugins": [
    "jest-watch-typeahead/filename",
    "jest-watch-typeahead/testname"
  ],
  "rootDir": "/home/thiago/Projetos/Trybe/Projetos-Trybe/sd-013-b-project-react-testing-library/.stryker-tmp/sandbox5051836"
} 
      with custom config {}
      and default (internal) stryker config [object Object]
09:12:18 (9075) DEBUG TimeoutDecorator Starting timeout timer (300000 ms) for a test run
09:12:18 (9095) DEBUG JestTestRunner Running jest with --findRelatedTests flag. Set jest.enableFindRelatedTests to false to run all tests on every mutant.
09:12:18 (9095) DEBUG JestTestRunner Project root is /home/thiago/Projetos/Trybe/Projetos-Trybe/sd-013-b-project-react-testing-library/.stryker-tmp/sandbox5051836
09:12:18 (9095) TRACE JestLessThan25TestAdapter Invoking Jest with config {"roots":["<rootDir>/src"],"collectCoverageFrom":["**/*.{js,jsx}","!src/index.js","!src/serviceWorker.js"],"setupFiles":["/home/thiago/Projetos/Trybe/Projetos-Trybe/sd-013-b-project-react-testing-library/node_modules/react-app-polyfill/jsdom.js"],"setupFilesAfterEnv":["<rootDir>/src/setupTests.js"],"testMatch":["<rootDir>/src/**/__tests__/**/*.{js,jsx,ts,tsx}","<rootDir>/src/**/*.{spec,test}.{js,jsx,ts,tsx}"],"testEnvironment":"jest-environment-jsdom-fourteen","transform":{"^.+\\.(js|jsx|ts|tsx)$":"/home/thiago/Projetos/Trybe/Projetos-Trybe/sd-013-b-project-react-testing-library/node_modules/react-scripts/config/jest/babelTransform.js","^.+\\.css$":"/home/thiago/Projetos/Trybe/Projetos-Trybe/sd-013-b-project-react-testing-library/node_modules/react-scripts/config/jest/cssTransform.js","^(?!.*\\.(js|jsx|ts|tsx|css|json)$)":"/home/thiago/Projetos/Trybe/Projetos-Trybe/sd-013-b-project-react-testing-library/node_modules/react-scripts/config/jest/fileTransform.js"},"transformIgnorePatterns":["[/\\\\]node_modules[/\\\\].+\\.(js|jsx|ts|tsx)$","^.+\\.module\\.(css|sass|scss)$"],"modulePaths":[],"moduleNameMapper":{"^react-native$":"react-native-web","^.+\\.module\\.(css|sass|scss)$":"identity-obj-proxy"},"moduleFileExtensions":["web.js","js","web.ts","ts","web.tsx","tsx","json","web.jsx","jsx","node"],"watchPlugins":["jest-watch-typeahead/filename","jest-watch-typeahead/testname"],"rootDir":"/home/thiago/Projetos/Trybe/Projetos-Trybe/sd-013-b-project-react-testing-library/.stryker-tmp/sandbox5051836","collectCoverage":false,"verbose":false,"bail":false,"notify":false,"reporters":[]}
